<?xml version="1.0" encoding="UTF-8"?>
<!-- Generated by org.testng.reporters.JUnitReportReporter -->
<testsuite hostname="MININT-J64K7BB" failures="0" tests="1" name="com.selenium.example1" time="0.013" errors="0" timestamp="2021-01-02T23:19:36 PST" skipped="0">
  <testcase classname="com.selenium.example1" name="login" time="0.013"/>
  <system-out/>
</testsuite> <!-- com.selenium.example1 -->
