<?xml version="1.0" encoding="UTF-8"?>
<!-- Generated by org.testng.reporters.JUnitReportReporter -->
<testsuite hostname="MININT-J64K7BB" failures="0" tests="1" name="com.selenium.flipkartautosuggestion" time="10.333" errors="0" timestamp="2021-01-23T04:12:25 PST" skipped="0">
  <testcase classname="com.selenium.flipkartautosuggestion" name="validation" time="10.333"/>
  <system-out/>
</testsuite> <!-- com.selenium.flipkartautosuggestion -->
