<?xml version="1.0" encoding="UTF-8"?>
<!-- Generated by org.testng.reporters.JUnitReportReporter -->
<testsuite hostname="MININT-J64K7BB" failures="0" tests="1" name="com.selenium.webtableDemo" time="15.897" errors="0" timestamp="2021-05-01T05:51:18 PDT" skipped="0">
  <testcase classname="com.selenium.webtableDemo" name="ReadTable" time="15.897"/>
  <system-out/>
</testsuite> <!-- com.selenium.webtableDemo -->
