<?xml version="1.0" encoding="UTF-8"?>
<!-- Generated by org.testng.reporters.JUnitReportReporter -->
<testsuite hostname="MININT-J64K7BB" failures="0" tests="1" name="com.selenium.TitleTest" time="12.126" errors="0" timestamp="2020-11-27T04:56:45 PST" skipped="0">
  <testcase classname="com.selenium.TitleTest" name="test" time="12.126"/>
  <system-out/>
</testsuite> <!-- com.selenium.TitleTest -->
