<?xml version="1.0" encoding="UTF-8"?>
<!-- Generated by org.testng.reporters.JUnitReportReporter -->
<testsuite hostname="MININT-J64K7BB" failures="0" tests="3" name="com.selenium.DataProviderDemo" time="19.097" errors="0" timestamp="2021-01-02T23:19:36 PST" skipped="0">
  <testcase classname="com.selenium.DataProviderDemo" name="test" time="4.293"/>
  <system-out/>
  <testcase classname="com.selenium.DataProviderDemo" name="test" time="10.083"/>
  <system-out/>
  <testcase classname="com.selenium.DataProviderDemo" name="test" time="4.721"/>
  <system-out/>
</testsuite> <!-- com.selenium.DataProviderDemo -->
